[humidity::IndoorAir_defs::out_rh: {50}] generated by model indoor
[humidity::Humistat_defs::out_cmd: {0}] generated by model humistat
[humidity::Humidifier_defs::out_inj: {0}] generated by model humidifier
[humidity::LeakageEstimator_defs::out_leak: {0}] generated by model leakage
[humidity::IndoorAir_defs::out_rh: {50}] generated by model indoor
[humidity::Humistat_defs::out_cmd: {1}] generated by model humistat
[humidity::Humidifier_defs::out_inj: {0}] generated by model humidifier
[humidity::LeakageEstimator_defs::out_leak: {0}] generated by model leakage
[humidity::IndoorAir_defs::out_rh: {50}] generated by model indoor
[humidity::Humistat_defs::out_cmd: {1}] generated by model humistat
[humidity::Humidifier_defs::out_inj: {2}] generated by model humidifier
[humidity::LeakageEstimator_defs::out_leak: {0}] generated by model leakage
[humidity::IndoorAir_defs::out_rh: {50}] generated by model indoor
[humidity::Humistat_defs::out_cmd: {1}] generated by model humistat
[humidity::Humidifier_defs::out_inj: {2}] generated by model humidifier
[humidity::LeakageEstimator_defs::out_leak: {0}] generated by model leakage
[humidity::IndoorAir_defs::out_rh: {51}] generated by model indoor
[humidity::Humistat_defs::out_cmd: {1}] generated by model humistat
[humidity::Humidifier_defs::out_inj: {2}] generated by model humidifier
[humidity::LeakageEstimator_defs::out_leak: {0}] generated by model leakage
[humidity::IndoorAir_defs::out_rh: {52}] generated by model indoor
[humidity::Humistat_defs::out_cmd: {1}] generated by model humistat
[humidity::Humidifier_defs::out_inj: {2}] generated by model humidifier
[humidity::LeakageEstimator_defs::out_leak: {0.01}] generated by model leakage
[humidity::IndoorAir_defs::out_rh: {53}] generated by model indoor
[humidity::Humistat_defs::out_cmd: {1}] generated by model humistat
[humidity::Humidifier_defs::out_inj: {2}] generated by model humidifier
[humidity::LeakageEstimator_defs::out_leak: {0.02}] generated by model leakage
[humidity::IndoorAir_defs::out_rh: {53.995}] generated by model indoor
[humidity::Humistat_defs::out_cmd: {1}] generated by model humistat
[humidity::Humidifier_defs::out_inj: {2}] generated by model humidifier
[humidity::LeakageEstimator_defs::out_leak: {0.03}] generated by model leakage
[humidity::IndoorAir_defs::out_rh: {54.985}] generated by model indoor
[humidity::Humistat_defs::out_cmd: {1}] generated by model humistat
[humidity::Humidifier_defs::out_inj: {2}] generated by model humidifier
[humidity::LeakageEstimator_defs::out_leak: {0.03995}] generated by model leakage
[humidity::IndoorAir_defs::out_rh: {55.97}] generated by model indoor
[humidity::Humistat_defs::out_cmd: {1}] generated by model humistat
[humidity::Humidifier_defs::out_inj: {2}] generated by model humidifier
[humidity::LeakageEstimator_defs::out_leak: {0.04985}] generated by model leakage
[humidity::IndoorAir_defs::out_rh: {56.95}] generated by model indoor
[humidity::Humistat_defs::out_cmd: {1}] generated by model humistat
[humidity::Humidifier_defs::out_inj: {2}] generated by model humidifier
[humidity::LeakageEstimator_defs::out_leak: {0.0597}] generated by model leakage
[humidity::IndoorAir_defs::out_rh: {57.9251}] generated by model indoor
[humidity::Humistat_defs::out_cmd: {1}] generated by model humistat
[humidity::Humidifier_defs::out_inj: {2}] generated by model humidifier
[humidity::LeakageEstimator_defs::out_leak: {0.0695002}] generated by model leakage
[humidity::IndoorAir_defs::out_rh: {58.8952}] generated by model indoor
[humidity::Humistat_defs::out_cmd: {0}] generated by model humistat
[humidity::Humidifier_defs::out_inj: {2}] generated by model humidifier
[humidity::LeakageEstimator_defs::out_leak: {0.079251}] generated by model leakage
[humidity::IndoorAir_defs::out_rh: {59.8605}] generated by model indoor
[humidity::Humistat_defs::out_cmd: {0}] generated by model humistat
[humidity::Humidifier_defs::out_inj: {0}] generated by model humidifier
[humidity::LeakageEstimator_defs::out_leak: {0.0889525}] generated by model leakage
[humidity::IndoorAir_defs::out_rh: {60.8209}] generated by model indoor
[humidity::Humistat_defs::out_cmd: {0}] generated by model humistat
[humidity::Humidifier_defs::out_inj: {0}] generated by model humidifier
[humidity::LeakageEstimator_defs::out_leak: {0.098605}] generated by model leakage
[humidity::IndoorAir_defs::out_rh: {60.7764}] generated by model indoor
[humidity::Humistat_defs::out_cmd: {0}] generated by model humistat
[humidity::Humidifier_defs::out_inj: {0}] generated by model humidifier
[humidity::LeakageEstimator_defs::out_leak: {0.108209}] generated by model leakage
[humidity::IndoorAir_defs::out_rh: {60.7271}] generated by model indoor
[humidity::Humistat_defs::out_cmd: {0}] generated by model humistat
[humidity::Humidifier_defs::out_inj: {0}] generated by model humidifier
[humidity::LeakageEstimator_defs::out_leak: {0.107764}] generated by model leakage
[humidity::IndoorAir_defs::out_rh: {60.673}] generated by model indoor
[humidity::Humistat_defs::out_cmd: {0}] generated by model humistat
[humidity::Humidifier_defs::out_inj: {0}] generated by model humidifier
[humidity::LeakageEstimator_defs::out_leak: {0.107271}] generated by model leakage
[humidity::IndoorAir_defs::out_rh: {60.6191}] generated by model indoor
[humidity::Humistat_defs::out_cmd: {0}] generated by model humistat
[humidity::Humidifier_defs::out_inj: {0}] generated by model humidifier
[humidity::LeakageEstimator_defs::out_leak: {0.10673}] generated by model leakage
[humidity::IndoorAir_defs::out_rh: {60.5655}] generated by model indoor
[humidity::Humistat_defs::out_cmd: {0}] generated by model humistat
[humidity::Humidifier_defs::out_inj: {0}] generated by model humidifier
[humidity::LeakageEstimator_defs::out_leak: {0.106191}] generated by model leakage
[humidity::IndoorAir_defs::out_rh: {60.5121}] generated by model indoor
[humidity::Humistat_defs::out_cmd: {0}] generated by model humistat
[humidity::Humidifier_defs::out_inj: {0}] generated by model humidifier
[humidity::LeakageEstimator_defs::out_leak: {0.105655}] generated by model leakage
[humidity::IndoorAir_defs::out_rh: {60.459}] generated by model indoor
[humidity::Humistat_defs::out_cmd: {0}] generated by model humistat
[humidity::Humidifier_defs::out_inj: {0}] generated by model humidifier
[humidity::LeakageEstimator_defs::out_leak: {0.105121}] generated by model leakage
[humidity::IndoorAir_defs::out_rh: {60.4062}] generated by model indoor
[humidity::Humistat_defs::out_cmd: {0}] generated by model humistat
[humidity::Humidifier_defs::out_inj: {0}] generated by model humidifier
[humidity::LeakageEstimator_defs::out_leak: {0.10459}] generated by model leakage
[humidity::IndoorAir_defs::out_rh: {60.3536}] generated by model indoor
[humidity::Humistat_defs::out_cmd: {0}] generated by model humistat
[humidity::Humidifier_defs::out_inj: {0}] generated by model humidifier
[humidity::LeakageEstimator_defs::out_leak: {0.104062}] generated by model leakage
[humidity::IndoorAir_defs::out_rh: {60.3013}] generated by model indoor
[humidity::Humistat_defs::out_cmd: {0}] generated by model humistat
[humidity::Humidifier_defs::out_inj: {0}] generated by model humidifier
[humidity::LeakageEstimator_defs::out_leak: {0.103536}] generated by model leakage
[humidity::IndoorAir_defs::out_rh: {60.2493}] generated by model indoor
[humidity::Humistat_defs::out_cmd: {0}] generated by model humistat
[humidity::Humidifier_defs::out_inj: {0}] generated by model humidifier
[humidity::LeakageEstimator_defs::out_leak: {0.103013}] generated by model leakage
[humidity::IndoorAir_defs::out_rh: {60.1975}] generated by model indoor
[humidity::Humistat_defs::out_cmd: {0}] generated by model humistat
[humidity::Humidifier_defs::out_inj: {0}] generated by model humidifier
[humidity::LeakageEstimator_defs::out_leak: {0.102493}] generated by model leakage
[humidity::IndoorAir_defs::out_rh: {60.146}] generated by model indoor
[humidity::Humistat_defs::out_cmd: {0}] generated by model humistat
[humidity::Humidifier_defs::out_inj: {0}] generated by model humidifier
[humidity::LeakageEstimator_defs::out_leak: {0.101975}] generated by model leakage
[humidity::IndoorAir_defs::out_rh: {60.0948}] generated by model indoor
[humidity::Humistat_defs::out_cmd: {0}] generated by model humistat
[humidity::Humidifier_defs::out_inj: {0}] generated by model humidifier
[humidity::LeakageEstimator_defs::out_leak: {0.10146}] generated by model leakage
[humidity::IndoorAir_defs::out_rh: {60.0438}] generated by model indoor
[humidity::Humistat_defs::out_cmd: {0}] generated by model humistat
[humidity::Humidifier_defs::out_inj: {0}] generated by model humidifier
[humidity::LeakageEstimator_defs::out_leak: {0.100948}] generated by model leakage
[humidity::IndoorAir_defs::out_rh: {59.9931}] generated by model indoor
[humidity::Humistat_defs::out_cmd: {0}] generated by model humistat
[humidity::Humidifier_defs::out_inj: {0}] generated by model humidifier
[humidity::LeakageEstimator_defs::out_leak: {0.100438}] generated by model leakage
[humidity::IndoorAir_defs::out_rh: {59.9426}] generated by model indoor
[humidity::Humistat_defs::out_cmd: {0}] generated by model humistat
[humidity::Humidifier_defs::out_inj: {0}] generated by model humidifier
[humidity::LeakageEstimator_defs::out_leak: {0.0999306}] generated by model leakage
[humidity::IndoorAir_defs::out_rh: {59.8924}] generated by model indoor
[humidity::Humistat_defs::out_cmd: {0}] generated by model humistat
[humidity::Humidifier_defs::out_inj: {0}] generated by model humidifier
[humidity::LeakageEstimator_defs::out_leak: {0.0994259}] generated by model leakage
[humidity::IndoorAir_defs::out_rh: {59.8424}] generated by model indoor
[humidity::Humistat_defs::out_cmd: {0}] generated by model humistat
[humidity::Humidifier_defs::out_inj: {0}] generated by model humidifier
[humidity::LeakageEstimator_defs::out_leak: {0.0989237}] generated by model leakage
[humidity::IndoorAir_defs::out_rh: {59.7927}] generated by model indoor
[humidity::Humistat_defs::out_cmd: {0}] generated by model humistat
[humidity::Humidifier_defs::out_inj: {0}] generated by model humidifier
[humidity::LeakageEstimator_defs::out_leak: {0.098424}] generated by model leakage
[humidity::IndoorAir_defs::out_rh: {59.7432}] generated by model indoor
[humidity::Humistat_defs::out_cmd: {0}] generated by model humistat
[humidity::Humidifier_defs::out_inj: {0}] generated by model humidifier
[humidity::LeakageEstimator_defs::out_leak: {0.0979269}] generated by model leakage
[humidity::IndoorAir_defs::out_rh: {59.694}] generated by model indoor
[humidity::Humistat_defs::out_cmd: {0}] generated by model humistat
[humidity::Humidifier_defs::out_inj: {0}] generated by model humidifier
[humidity::LeakageEstimator_defs::out_leak: {0.0974323}] generated by model leakage
[humidity::IndoorAir_defs::out_rh: {59.6451}] generated by model indoor
[humidity::Humistat_defs::out_cmd: {0}] generated by model humistat
[humidity::Humidifier_defs::out_inj: {0}] generated by model humidifier
[humidity::LeakageEstimator_defs::out_leak: {0.0969402}] generated by model leakage
[humidity::IndoorAir_defs::out_rh: {59.5963}] generated by model indoor
[humidity::Humistat_defs::out_cmd: {0}] generated by model humistat
[humidity::Humidifier_defs::out_inj: {0}] generated by model humidifier
[humidity::LeakageEstimator_defs::out_leak: {0.0964505}] generated by model leakage
[humidity::IndoorAir_defs::out_rh: {59.5479}] generated by model indoor
[humidity::Humistat_defs::out_cmd: {0}] generated by model humistat
[humidity::Humidifier_defs::out_inj: {0}] generated by model humidifier
[humidity::LeakageEstimator_defs::out_leak: {0.0959634}] generated by model leakage
[humidity::IndoorAir_defs::out_rh: {59.4996}] generated by model indoor
[humidity::Humistat_defs::out_cmd: {0}] generated by model humistat
[humidity::Humidifier_defs::out_inj: {0}] generated by model humidifier
[humidity::LeakageEstimator_defs::out_leak: {0.0954787}] generated by model leakage
[humidity::IndoorAir_defs::out_rh: {59.4517}] generated by model indoor
[humidity::Humistat_defs::out_cmd: {0}] generated by model humistat
[humidity::Humidifier_defs::out_inj: {0}] generated by model humidifier
[humidity::LeakageEstimator_defs::out_leak: {0.0949964}] generated by model leakage
[humidity::IndoorAir_defs::out_rh: {59.4039}] generated by model indoor
[humidity::Humistat_defs::out_cmd: {0}] generated by model humistat
[humidity::Humidifier_defs::out_inj: {0}] generated by model humidifier
[humidity::LeakageEstimator_defs::out_leak: {0.0945166}] generated by model leakage
[humidity::IndoorAir_defs::out_rh: {59.3564}] generated by model indoor
[humidity::Humistat_defs::out_cmd: {0}] generated by model humistat
[humidity::Humidifier_defs::out_inj: {0}] generated by model humidifier
[humidity::LeakageEstimator_defs::out_leak: {0.0940392}] generated by model leakage
[humidity::IndoorAir_defs::out_rh: {59.3092}] generated by model indoor
[humidity::Humistat_defs::out_cmd: {0}] generated by model humistat
[humidity::Humidifier_defs::out_inj: {0}] generated by model humidifier
[humidity::LeakageEstimator_defs::out_leak: {0.0935642}] generated by model leakage
[humidity::IndoorAir_defs::out_rh: {59.2621}] generated by model indoor
[humidity::Humistat_defs::out_cmd: {0}] generated by model humistat
[humidity::Humidifier_defs::out_inj: {0}] generated by model humidifier
[humidity::LeakageEstimator_defs::out_leak: {0.0930916}] generated by model leakage
[humidity::IndoorAir_defs::out_rh: {59.2154}] generated by model indoor
[humidity::Humistat_defs::out_cmd: {0}] generated by model humistat
[humidity::Humidifier_defs::out_inj: {0}] generated by model humidifier
[humidity::LeakageEstimator_defs::out_leak: {0.0926214}] generated by model leakage
[humidity::IndoorAir_defs::out_rh: {59.1688}] generated by model indoor
[humidity::Humistat_defs::out_cmd: {0}] generated by model humistat
[humidity::Humidifier_defs::out_inj: {0}] generated by model humidifier
[humidity::LeakageEstimator_defs::out_leak: {0.0921536}] generated by model leakage
[humidity::IndoorAir_defs::out_rh: {59.1225}] generated by model indoor
[humidity::Humistat_defs::out_cmd: {0}] generated by model humistat
[humidity::Humidifier_defs::out_inj: {0}] generated by model humidifier
[humidity::LeakageEstimator_defs::out_leak: {0.0916882}] generated by model leakage
[humidity::IndoorAir_defs::out_rh: {59.0764}] generated by model indoor
[humidity::Humistat_defs::out_cmd: {0}] generated by model humistat
[humidity::Humidifier_defs::out_inj: {0}] generated by model humidifier
[humidity::LeakageEstimator_defs::out_leak: {0.091225}] generated by model leakage
[humidity::IndoorAir_defs::out_rh: {59.0306}] generated by model indoor
[humidity::Humistat_defs::out_cmd: {0}] generated by model humistat
[humidity::Humidifier_defs::out_inj: {0}] generated by model humidifier
[humidity::LeakageEstimator_defs::out_leak: {0.0907643}] generated by model leakage
[humidity::IndoorAir_defs::out_rh: {58.985}] generated by model indoor
[humidity::Humistat_defs::out_cmd: {0}] generated by model humistat
[humidity::Humidifier_defs::out_inj: {0}] generated by model humidifier
[humidity::LeakageEstimator_defs::out_leak: {0.0903058}] generated by model leakage
[humidity::IndoorAir_defs::out_rh: {58.9396}] generated by model indoor
[humidity::Humistat_defs::out_cmd: {0}] generated by model humistat
[humidity::Humidifier_defs::out_inj: {0}] generated by model humidifier
[humidity::LeakageEstimator_defs::out_leak: {0.0898497}] generated by model leakage
[humidity::IndoorAir_defs::out_rh: {58.8944}] generated by model indoor
[humidity::Humistat_defs::out_cmd: {0}] generated by model humistat
[humidity::Humidifier_defs::out_inj: {0}] generated by model humidifier
[humidity::LeakageEstimator_defs::out_leak: {0.0893959}] generated by model leakage
[humidity::IndoorAir_defs::out_rh: {58.8495}] generated by model indoor
[humidity::Humistat_defs::out_cmd: {0}] generated by model humistat
[humidity::Humidifier_defs::out_inj: {0}] generated by model humidifier
[humidity::LeakageEstimator_defs::out_leak: {0.0889444}] generated by model leakage
[humidity::IndoorAir_defs::out_rh: {58.8048}] generated by model indoor
[humidity::Humistat_defs::out_cmd: {0}] generated by model humistat
[humidity::Humidifier_defs::out_inj: {0}] generated by model humidifier
[humidity::LeakageEstimator_defs::out_leak: {0.0884951}] generated by model leakage
[humidity::IndoorAir_defs::out_rh: {58.7603}] generated by model indoor
[humidity::Humistat_defs::out_cmd: {0}] generated by model humistat
[humidity::Humidifier_defs::out_inj: {0}] generated by model humidifier
[humidity::LeakageEstimator_defs::out_leak: {0.0880481}] generated by model leakage
[humidity::IndoorAir_defs::out_rh: {58.7161}] generated by model indoor
[humidity::Humistat_defs::out_cmd: {0}] generated by model humistat
[humidity::Humidifier_defs::out_inj: {0}] generated by model humidifier
[humidity::LeakageEstimator_defs::out_leak: {0.0876034}] generated by model leakage
[humidity::IndoorAir_defs::out_rh: {58.6721}] generated by model indoor
[humidity::Humistat_defs::out_cmd: {0}] generated by model humistat
[humidity::Humidifier_defs::out_inj: {0}] generated by model humidifier
[humidity::LeakageEstimator_defs::out_leak: {0.0871609}] generated by model leakage
[humidity::IndoorAir_defs::out_rh: {58.6283}] generated by model indoor
[humidity::Humistat_defs::out_cmd: {0}] generated by model humistat
[humidity::Humidifier_defs::out_inj: {0}] generated by model humidifier
[humidity::LeakageEstimator_defs::out_leak: {0.0867207}] generated by model leakage
[humidity::IndoorAir_defs::out_rh: {58.5847}] generated by model indoor
[humidity::Humistat_defs::out_cmd: {0}] generated by model humistat
[humidity::Humidifier_defs::out_inj: {0}] generated by model humidifier
[humidity::LeakageEstimator_defs::out_leak: {0.0862827}] generated by model leakage
[humidity::IndoorAir_defs::out_rh: {58.5413}] generated by model indoor
[humidity::Humistat_defs::out_cmd: {0}] generated by model humistat
[humidity::Humidifier_defs::out_inj: {0}] generated by model humidifier
[humidity::LeakageEstimator_defs::out_leak: {0.0858469}] generated by model leakage
[humidity::IndoorAir_defs::out_rh: {58.4982}] generated by model indoor
[humidity::Humistat_defs::out_cmd: {0}] generated by model humistat
[humidity::Humidifier_defs::out_inj: {0}] generated by model humidifier
[humidity::LeakageEstimator_defs::out_leak: {0.0854133}] generated by model leakage
[humidity::IndoorAir_defs::out_rh: {58.4553}] generated by model indoor
[humidity::Humistat_defs::out_cmd: {0}] generated by model humistat
[humidity::Humidifier_defs::out_inj: {0}] generated by model humidifier
[humidity::LeakageEstimator_defs::out_leak: {0.0849819}] generated by model leakage
[humidity::IndoorAir_defs::out_rh: {58.4126}] generated by model indoor
[humidity::Humistat_defs::out_cmd: {0}] generated by model humistat
[humidity::Humidifier_defs::out_inj: {0}] generated by model humidifier
[humidity::LeakageEstimator_defs::out_leak: {0.0845526}] generated by model leakage
[humidity::IndoorAir_defs::out_rh: {58.3701}] generated by model indoor
[humidity::Humistat_defs::out_cmd: {0}] generated by model humistat
[humidity::Humidifier_defs::out_inj: {0}] generated by model humidifier
[humidity::LeakageEstimator_defs::out_leak: {0.0841256}] generated by model leakage
[humidity::IndoorAir_defs::out_rh: {58.3278}] generated by model indoor
[humidity::Humistat_defs::out_cmd: {0}] generated by model humistat
[humidity::Humidifier_defs::out_inj: {0}] generated by model humidifier
[humidity::LeakageEstimator_defs::out_leak: {0.0837006}] generated by model leakage
[humidity::IndoorAir_defs::out_rh: {58.2857}] generated by model indoor
[humidity::Humistat_defs::out_cmd: {0}] generated by model humistat
[humidity::Humidifier_defs::out_inj: {0}] generated by model humidifier
[humidity::LeakageEstimator_defs::out_leak: {0.0832779}] generated by model leakage
[humidity::IndoorAir_defs::out_rh: {58.2439}] generated by model indoor
[humidity::Humistat_defs::out_cmd: {0}] generated by model humistat
[humidity::Humidifier_defs::out_inj: {0}] generated by model humidifier
[humidity::LeakageEstimator_defs::out_leak: {0.0828573}] generated by model leakage
[humidity::IndoorAir_defs::out_rh: {58.2022}] generated by model indoor
[humidity::Humistat_defs::out_cmd: {0}] generated by model humistat
[humidity::Humidifier_defs::out_inj: {0}] generated by model humidifier
[humidity::LeakageEstimator_defs::out_leak: {0.0824388}] generated by model leakage
[humidity::IndoorAir_defs::out_rh: {58.1608}] generated by model indoor
[humidity::Humistat_defs::out_cmd: {0}] generated by model humistat
[humidity::Humidifier_defs::out_inj: {0}] generated by model humidifier
[humidity::LeakageEstimator_defs::out_leak: {0.0820224}] generated by model leakage
[humidity::IndoorAir_defs::out_rh: {58.1196}] generated by model indoor
[humidity::Humistat_defs::out_cmd: {0}] generated by model humistat
[humidity::Humidifier_defs::out_inj: {0}] generated by model humidifier
[humidity::LeakageEstimator_defs::out_leak: {0.0816081}] generated by model leakage
[humidity::IndoorAir_defs::out_rh: {58.0786}] generated by model indoor
[humidity::Humistat_defs::out_cmd: {0}] generated by model humistat
[humidity::Humidifier_defs::out_inj: {0}] generated by model humidifier
[humidity::LeakageEstimator_defs::out_leak: {0.0811959}] generated by model leakage
[humidity::IndoorAir_defs::out_rh: {58.0378}] generated by model indoor
[humidity::Humistat_defs::out_cmd: {0}] generated by model humistat
[humidity::Humidifier_defs::out_inj: {0}] generated by model humidifier
[humidity::LeakageEstimator_defs::out_leak: {0.0807858}] generated by model leakage
[humidity::IndoorAir_defs::out_rh: {57.9972}] generated by model indoor
[humidity::Humistat_defs::out_cmd: {0}] generated by model humistat
[humidity::Humidifier_defs::out_inj: {0}] generated by model humidifier
[humidity::LeakageEstimator_defs::out_leak: {0.0803777}] generated by model leakage
[humidity::IndoorAir_defs::out_rh: {57.9568}] generated by model indoor
[humidity::Humistat_defs::out_cmd: {0}] generated by model humistat
[humidity::Humidifier_defs::out_inj: {0}] generated by model humidifier
[humidity::LeakageEstimator_defs::out_leak: {0.0799718}] generated by model leakage
[humidity::IndoorAir_defs::out_rh: {57.9166}] generated by model indoor
[humidity::Humistat_defs::out_cmd: {0}] generated by model humistat
[humidity::Humidifier_defs::out_inj: {0}] generated by model humidifier
[humidity::LeakageEstimator_defs::out_leak: {0.0795678}] generated by model leakage
[humidity::IndoorAir_defs::out_rh: {57.8766}] generated by model indoor
[humidity::Humistat_defs::out_cmd: {0}] generated by model humistat
[humidity::Humidifier_defs::out_inj: {0}] generated by model humidifier
[humidity::LeakageEstimator_defs::out_leak: {0.0791659}] generated by model leakage
[humidity::IndoorAir_defs::out_rh: {57.8368}] generated by model indoor
[humidity::Humistat_defs::out_cmd: {0}] generated by model humistat
[humidity::Humidifier_defs::out_inj: {0}] generated by model humidifier
[humidity::LeakageEstimator_defs::out_leak: {0.0787661}] generated by model leakage
[humidity::IndoorAir_defs::out_rh: {57.7972}] generated by model indoor
[humidity::Humistat_defs::out_cmd: {0}] generated by model humistat
[humidity::Humidifier_defs::out_inj: {0}] generated by model humidifier
[humidity::LeakageEstimator_defs::out_leak: {0.0783682}] generated by model leakage
[humidity::IndoorAir_defs::out_rh: {57.7579}] generated by model indoor
[humidity::Humistat_defs::out_cmd: {0}] generated by model humistat
[humidity::Humidifier_defs::out_inj: {0}] generated by model humidifier
[humidity::LeakageEstimator_defs::out_leak: {0.0779724}] generated by model leakage
[humidity::IndoorAir_defs::out_rh: {57.7187}] generated by model indoor
[humidity::Humistat_defs::out_cmd: {0}] generated by model humistat
[humidity::Humidifier_defs::out_inj: {0}] generated by model humidifier
[humidity::LeakageEstimator_defs::out_leak: {0.0775786}] generated by model leakage
[humidity::IndoorAir_defs::out_rh: {57.6797}] generated by model indoor
[humidity::Humistat_defs::out_cmd: {0}] generated by model humistat
[humidity::Humidifier_defs::out_inj: {0}] generated by model humidifier
[humidity::LeakageEstimator_defs::out_leak: {0.0771867}] generated by model leakage
[humidity::IndoorAir_defs::out_rh: {57.6409}] generated by model indoor
[humidity::Humistat_defs::out_cmd: {0}] generated by model humistat
[humidity::Humidifier_defs::out_inj: {0}] generated by model humidifier
[humidity::LeakageEstimator_defs::out_leak: {0.0767969}] generated by model leakage
[humidity::IndoorAir_defs::out_rh: {57.6023}] generated by model indoor
[humidity::Humistat_defs::out_cmd: {0}] generated by model humistat
[humidity::Humidifier_defs::out_inj: {0}] generated by model humidifier
[humidity::LeakageEstimator_defs::out_leak: {0.076409}] generated by model leakage
[humidity::IndoorAir_defs::out_rh: {57.5639}] generated by model indoor
[humidity::Humistat_defs::out_cmd: {0}] generated by model humistat
[humidity::Humidifier_defs::out_inj: {0}] generated by model humidifier
[humidity::LeakageEstimator_defs::out_leak: {0.076023}] generated by model leakage
[humidity::IndoorAir_defs::out_rh: {57.5257}] generated by model indoor
[humidity::Humistat_defs::out_cmd: {0}] generated by model humistat
[humidity::Humidifier_defs::out_inj: {0}] generated by model humidifier
[humidity::LeakageEstimator_defs::out_leak: {0.0756391}] generated by model leakage
[humidity::IndoorAir_defs::out_rh: {57.4877}] generated by model indoor
[humidity::Humistat_defs::out_cmd: {0}] generated by model humistat
[humidity::Humidifier_defs::out_inj: {0}] generated by model humidifier
[humidity::LeakageEstimator_defs::out_leak: {0.075257}] generated by model leakage
[humidity::IndoorAir_defs::out_rh: {57.4499}] generated by model indoor
[humidity::Humistat_defs::out_cmd: {0}] generated by model humistat
[humidity::Humidifier_defs::out_inj: {0}] generated by model humidifier
[humidity::LeakageEstimator_defs::out_leak: {0.0748769}] generated by model leakage
[humidity::IndoorAir_defs::out_rh: {57.4122}] generated by model indoor
[humidity::Humistat_defs::out_cmd: {0}] generated by model humistat
[humidity::Humidifier_defs::out_inj: {0}] generated by model humidifier
[humidity::LeakageEstimator_defs::out_leak: {0.0744987}] generated by model leakage
[humidity::IndoorAir_defs::out_rh: {57.3748}] generated by model indoor
[humidity::Humistat_defs::out_cmd: {0}] generated by model humistat
[humidity::Humidifier_defs::out_inj: {0}] generated by model humidifier
[humidity::LeakageEstimator_defs::out_leak: {0.0741224}] generated by model leakage
[humidity::IndoorAir_defs::out_rh: {57.3376}] generated by model indoor
[humidity::Humistat_defs::out_cmd: {0}] generated by model humistat
[humidity::Humidifier_defs::out_inj: {0}] generated by model humidifier
[humidity::LeakageEstimator_defs::out_leak: {0.073748}] generated by model leakage
[humidity::IndoorAir_defs::out_rh: {57.3005}] generated by model indoor
[humidity::Humistat_defs::out_cmd: {0}] generated by model humistat
[humidity::Humidifier_defs::out_inj: {0}] generated by model humidifier
[humidity::LeakageEstimator_defs::out_leak: {0.0733755}] generated by model leakage
[humidity::IndoorAir_defs::out_rh: {57.2636}] generated by model indoor
[humidity::Humistat_defs::out_cmd: {0}] generated by model humistat
[humidity::Humidifier_defs::out_inj: {0}] generated by model humidifier
[humidity::LeakageEstimator_defs::out_leak: {0.0730049}] generated by model leakage
[humidity::IndoorAir_defs::out_rh: {57.2269}] generated by model indoor
[humidity::Humistat_defs::out_cmd: {0}] generated by model humistat
[humidity::Humidifier_defs::out_inj: {0}] generated by model humidifier
[humidity::LeakageEstimator_defs::out_leak: {0.0726362}] generated by model leakage
[humidity::IndoorAir_defs::out_rh: {57.1904}] generated by model indoor
[humidity::Humistat_defs::out_cmd: {0}] generated by model humistat
[humidity::Humidifier_defs::out_inj: {0}] generated by model humidifier
[humidity::LeakageEstimator_defs::out_leak: {0.0722693}] generated by model leakage
[humidity::IndoorAir_defs::out_rh: {57.1541}] generated by model indoor
[humidity::Humistat_defs::out_cmd: {0}] generated by model humistat
[humidity::Humidifier_defs::out_inj: {0}] generated by model humidifier
[humidity::LeakageEstimator_defs::out_leak: {0.0719043}] generated by model leakage
[humidity::IndoorAir_defs::out_rh: {57.118}] generated by model indoor
[humidity::Humistat_defs::out_cmd: {0}] generated by model humistat
[humidity::Humidifier_defs::out_inj: {0}] generated by model humidifier
[humidity::LeakageEstimator_defs::out_leak: {0.0715411}] generated by model leakage
[humidity::IndoorAir_defs::out_rh: {57.082}] generated by model indoor
[humidity::Humistat_defs::out_cmd: {0}] generated by model humistat
[humidity::Humidifier_defs::out_inj: {0}] generated by model humidifier
[humidity::LeakageEstimator_defs::out_leak: {0.0711798}] generated by model leakage
[humidity::IndoorAir_defs::out_rh: {57.0463}] generated by model indoor
[humidity::Humistat_defs::out_cmd: {0}] generated by model humistat
[humidity::Humidifier_defs::out_inj: {0}] generated by model humidifier
[humidity::LeakageEstimator_defs::out_leak: {0.0708202}] generated by model leakage
[humidity::IndoorAir_defs::out_rh: {57.0107}] generated by model indoor
[humidity::Humistat_defs::out_cmd: {0}] generated by model humistat
[humidity::Humidifier_defs::out_inj: {0}] generated by model humidifier
[humidity::LeakageEstimator_defs::out_leak: {0.0704625}] generated by model leakage
[humidity::IndoorAir_defs::out_rh: {56.9753}] generated by model indoor
[humidity::Humistat_defs::out_cmd: {0}] generated by model humistat
[humidity::Humidifier_defs::out_inj: {0}] generated by model humidifier
[humidity::LeakageEstimator_defs::out_leak: {0.0701066}] generated by model leakage
[humidity::IndoorAir_defs::out_rh: {56.94}] generated by model indoor
[humidity::Humistat_defs::out_cmd: {0}] generated by model humistat
[humidity::Humidifier_defs::out_inj: {0}] generated by model humidifier
[humidity::LeakageEstimator_defs::out_leak: {0.0697525}] generated by model leakage
[humidity::IndoorAir_defs::out_rh: {56.905}] generated by model indoor
[humidity::Humistat_defs::out_cmd: {0}] generated by model humistat
[humidity::Humidifier_defs::out_inj: {0}] generated by model humidifier
[humidity::LeakageEstimator_defs::out_leak: {0.0694002}] generated by model leakage
[humidity::IndoorAir_defs::out_rh: {56.8701}] generated by model indoor
[humidity::Humistat_defs::out_cmd: {0}] generated by model humistat
[humidity::Humidifier_defs::out_inj: {0}] generated by model humidifier
[humidity::LeakageEstimator_defs::out_leak: {0.0690497}] generated by model leakage
[humidity::IndoorAir_defs::out_rh: {56.8354}] generated by model indoor
[humidity::Humistat_defs::out_cmd: {0}] generated by model humistat
[humidity::Humidifier_defs::out_inj: {0}] generated by model humidifier
[humidity::LeakageEstimator_defs::out_leak: {0.0687009}] generated by model leakage
[humidity::IndoorAir_defs::out_rh: {56.8009}] generated by model indoor
[humidity::Humistat_defs::out_cmd: {0}] generated by model humistat
[humidity::Humidifier_defs::out_inj: {0}] generated by model humidifier
[humidity::LeakageEstimator_defs::out_leak: {0.0683539}] generated by model leakage
[humidity::IndoorAir_defs::out_rh: {56.7665}] generated by model indoor
[humidity::Humistat_defs::out_cmd: {0}] generated by model humistat
[humidity::Humidifier_defs::out_inj: {0}] generated by model humidifier
[humidity::LeakageEstimator_defs::out_leak: {0.0680087}] generated by model leakage
[humidity::IndoorAir_defs::out_rh: {56.7323}] generated by model indoor
[humidity::Humistat_defs::out_cmd: {0}] generated by model humistat
[humidity::Humidifier_defs::out_inj: {0}] generated by model humidifier
[humidity::LeakageEstimator_defs::out_leak: {0.0676652}] generated by model leakage
[humidity::IndoorAir_defs::out_rh: {56.6983}] generated by model indoor
[humidity::Humistat_defs::out_cmd: {0}] generated by model humistat
[humidity::Humidifier_defs::out_inj: {0}] generated by model humidifier
[humidity::LeakageEstimator_defs::out_leak: {0.0673234}] generated by model leakage
[humidity::IndoorAir_defs::out_rh: {56.6645}] generated by model indoor
[humidity::Humistat_defs::out_cmd: {0}] generated by model humistat
[humidity::Humidifier_defs::out_inj: {0}] generated by model humidifier
[humidity::LeakageEstimator_defs::out_leak: {0.0669834}] generated by model leakage
[humidity::IndoorAir_defs::out_rh: {56.6308}] generated by model indoor
[humidity::Humistat_defs::out_cmd: {0}] generated by model humistat
[humidity::Humidifier_defs::out_inj: {0}] generated by model humidifier
[humidity::LeakageEstimator_defs::out_leak: {0.066645}] generated by model leakage
[humidity::IndoorAir_defs::out_rh: {56.5973}] generated by model indoor
[humidity::Humistat_defs::out_cmd: {0}] generated by model humistat
[humidity::Humidifier_defs::out_inj: {0}] generated by model humidifier
[humidity::LeakageEstimator_defs::out_leak: {0.0663084}] generated by model leakage
[humidity::IndoorAir_defs::out_rh: {56.564}] generated by model indoor
[humidity::Humistat_defs::out_cmd: {0}] generated by model humistat
[humidity::Humidifier_defs::out_inj: {0}] generated by model humidifier
[humidity::LeakageEstimator_defs::out_leak: {0.0659735}] generated by model leakage
[humidity::IndoorAir_defs::out_rh: {56.5309}] generated by model indoor
[humidity::Humistat_defs::out_cmd: {0}] generated by model humistat
[humidity::Humidifier_defs::out_inj: {0}] generated by model humidifier
[humidity::LeakageEstimator_defs::out_leak: {0.0656403}] generated by model leakage
[humidity::IndoorAir_defs::out_rh: {56.4979}] generated by model indoor
[humidity::Humistat_defs::out_cmd: {0}] generated by model humistat
[humidity::Humidifier_defs::out_inj: {0}] generated by model humidifier
[humidity::LeakageEstimator_defs::out_leak: {0.0653087}] generated by model leakage
[humidity::IndoorAir_defs::out_rh: {56.4651}] generated by model indoor
[humidity::Humistat_defs::out_cmd: {0}] generated by model humistat
[humidity::Humidifier_defs::out_inj: {0}] generated by model humidifier
[humidity::LeakageEstimator_defs::out_leak: {0.0649789}] generated by model leakage
[humidity::IndoorAir_defs::out_rh: {56.4324}] generated by model indoor
[humidity::Humistat_defs::out_cmd: {0}] generated by model humistat
[humidity::Humidifier_defs::out_inj: {0}] generated by model humidifier
[humidity::LeakageEstimator_defs::out_leak: {0.0646507}] generated by model leakage
[humidity::IndoorAir_defs::out_rh: {56.3999}] generated by model indoor
[humidity::Humistat_defs::out_cmd: {0}] generated by model humistat
[humidity::Humidifier_defs::out_inj: {0}] generated by model humidifier
[humidity::LeakageEstimator_defs::out_leak: {0.0643241}] generated by model leakage
[humidity::IndoorAir_defs::out_rh: {56.3676}] generated by model indoor
[humidity::Humistat_defs::out_cmd: {0}] generated by model humistat
[humidity::Humidifier_defs::out_inj: {0}] generated by model humidifier
[humidity::LeakageEstimator_defs::out_leak: {0.0639992}] generated by model leakage
[humidity::IndoorAir_defs::out_rh: {56.3354}] generated by model indoor
[humidity::Humistat_defs::out_cmd: {0}] generated by model humistat
[humidity::Humidifier_defs::out_inj: {0}] generated by model humidifier
[humidity::LeakageEstimator_defs::out_leak: {0.063676}] generated by model leakage
[humidity::IndoorAir_defs::out_rh: {56.3034}] generated by model indoor
[humidity::Humistat_defs::out_cmd: {0}] generated by model humistat
[humidity::Humidifier_defs::out_inj: {0}] generated by model humidifier
[humidity::LeakageEstimator_defs::out_leak: {0.0633544}] generated by model leakage
[humidity::IndoorAir_defs::out_rh: {56.2716}] generated by model indoor
[humidity::Humistat_defs::out_cmd: {0}] generated by model humistat
[humidity::Humidifier_defs::out_inj: {0}] generated by model humidifier
[humidity::LeakageEstimator_defs::out_leak: {0.0630344}] generated by model leakage
[humidity::IndoorAir_defs::out_rh: {56.2399}] generated by model indoor
[humidity::Humistat_defs::out_cmd: {0}] generated by model humistat
[humidity::Humidifier_defs::out_inj: {0}] generated by model humidifier
[humidity::LeakageEstimator_defs::out_leak: {0.062716}] generated by model leakage
[humidity::IndoorAir_defs::out_rh: {56.2084}] generated by model indoor
[humidity::Humistat_defs::out_cmd: {0}] generated by model humistat
[humidity::Humidifier_defs::out_inj: {0}] generated by model humidifier
[humidity::LeakageEstimator_defs::out_leak: {0.0623992}] generated by model leakage
[humidity::IndoorAir_defs::out_rh: {56.177}] generated by model indoor
[humidity::Humistat_defs::out_cmd: {0}] generated by model humistat
[humidity::Humidifier_defs::out_inj: {0}] generated by model humidifier
[humidity::LeakageEstimator_defs::out_leak: {0.062084}] generated by model leakage
[humidity::IndoorAir_defs::out_rh: {56.1458}] generated by model indoor
[humidity::Humistat_defs::out_cmd: {0}] generated by model humistat
[humidity::Humidifier_defs::out_inj: {0}] generated by model humidifier
[humidity::LeakageEstimator_defs::out_leak: {0.0617705}] generated by model leakage
[humidity::IndoorAir_defs::out_rh: {56.1148}] generated by model indoor
[humidity::Humistat_defs::out_cmd: {0}] generated by model humistat
[humidity::Humidifier_defs::out_inj: {0}] generated by model humidifier
[humidity::LeakageEstimator_defs::out_leak: {0.0614585}] generated by model leakage
[humidity::IndoorAir_defs::out_rh: {56.0839}] generated by model indoor
[humidity::Humistat_defs::out_cmd: {0}] generated by model humistat
[humidity::Humidifier_defs::out_inj: {0}] generated by model humidifier
[humidity::LeakageEstimator_defs::out_leak: {0.061148}] generated by model leakage
[humidity::IndoorAir_defs::out_rh: {56.0532}] generated by model indoor
[humidity::Humistat_defs::out_cmd: {0}] generated by model humistat
[humidity::Humidifier_defs::out_inj: {0}] generated by model humidifier
[humidity::LeakageEstimator_defs::out_leak: {0.0608392}] generated by model leakage
[humidity::IndoorAir_defs::out_rh: {56.0226}] generated by model indoor
[humidity::Humistat_defs::out_cmd: {0}] generated by model humistat
[humidity::Humidifier_defs::out_inj: {0}] generated by model humidifier
[humidity::LeakageEstimator_defs::out_leak: {0.0605319}] generated by model leakage
[humidity::IndoorAir_defs::out_rh: {55.9922}] generated by model indoor
[humidity::Humistat_defs::out_cmd: {0}] generated by model humistat
[humidity::Humidifier_defs::out_inj: {0}] generated by model humidifier
[humidity::LeakageEstimator_defs::out_leak: {0.0602262}] generated by model leakage
[humidity::IndoorAir_defs::out_rh: {55.9619}] generated by model indoor
[humidity::Humistat_defs::out_cmd: {0}] generated by model humistat
[humidity::Humidifier_defs::out_inj: {0}] generated by model humidifier
[humidity::LeakageEstimator_defs::out_leak: {0.059922}] generated by model leakage
[humidity::IndoorAir_defs::out_rh: {55.9318}] generated by model indoor
[humidity::Humistat_defs::out_cmd: {0}] generated by model humistat
[humidity::Humidifier_defs::out_inj: {0}] generated by model humidifier
[humidity::LeakageEstimator_defs::out_leak: {0.0596193}] generated by model leakage
[humidity::IndoorAir_defs::out_rh: {55.9019}] generated by model indoor
[humidity::Humistat_defs::out_cmd: {0}] generated by model humistat
[humidity::Humidifier_defs::out_inj: {0}] generated by model humidifier
[humidity::LeakageEstimator_defs::out_leak: {0.0593182}] generated by model leakage
[humidity::IndoorAir_defs::out_rh: {55.872}] generated by model indoor
[humidity::Humistat_defs::out_cmd: {0}] generated by model humistat
[humidity::Humidifier_defs::out_inj: {0}] generated by model humidifier
[humidity::LeakageEstimator_defs::out_leak: {0.0590186}] generated by model leakage
[humidity::IndoorAir_defs::out_rh: {55.8424}] generated by model indoor
[humidity::Humistat_defs::out_cmd: {0}] generated by model humistat
[humidity::Humidifier_defs::out_inj: {0}] generated by model humidifier
[humidity::LeakageEstimator_defs::out_leak: {0.0587205}] generated by model leakage
[humidity::IndoorAir_defs::out_rh: {55.8129}] generated by model indoor
[humidity::Humistat_defs::out_cmd: {0}] generated by model humistat
[humidity::Humidifier_defs::out_inj: {0}] generated by model humidifier
[humidity::LeakageEstimator_defs::out_leak: {0.0584239}] generated by model leakage
[humidity::IndoorAir_defs::out_rh: {55.7835}] generated by model indoor
[humidity::Humistat_defs::out_cmd: {0}] generated by model humistat
[humidity::Humidifier_defs::out_inj: {0}] generated by model humidifier
[humidity::LeakageEstimator_defs::out_leak: {0.0581288}] generated by model leakage
[humidity::IndoorAir_defs::out_rh: {55.7543}] generated by model indoor
[humidity::Humistat_defs::out_cmd: {0}] generated by model humistat
[humidity::Humidifier_defs::out_inj: {0}] generated by model humidifier
[humidity::LeakageEstimator_defs::out_leak: {0.0578352}] generated by model leakage
[humidity::IndoorAir_defs::out_rh: {55.7252}] generated by model indoor
[humidity::Humistat_defs::out_cmd: {0}] generated by model humistat
[humidity::Humidifier_defs::out_inj: {0}] generated by model humidifier
[humidity::LeakageEstimator_defs::out_leak: {0.0575431}] generated by model leakage
[humidity::IndoorAir_defs::out_rh: {55.6963}] generated by model indoor
[humidity::Humistat_defs::out_cmd: {0}] generated by model humistat
[humidity::Humidifier_defs::out_inj: {0}] generated by model humidifier
[humidity::LeakageEstimator_defs::out_leak: {0.0572524}] generated by model leakage
[humidity::IndoorAir_defs::out_rh: {55.6676}] generated by model indoor
[humidity::Humistat_defs::out_cmd: {0}] generated by model humistat
[humidity::Humidifier_defs::out_inj: {0}] generated by model humidifier
[humidity::LeakageEstimator_defs::out_leak: {0.0569632}] generated by model leakage
[humidity::IndoorAir_defs::out_rh: {55.6389}] generated by model indoor
[humidity::Humistat_defs::out_cmd: {0}] generated by model humistat
[humidity::Humidifier_defs::out_inj: {0}] generated by model humidifier
[humidity::LeakageEstimator_defs::out_leak: {0.0566755}] generated by model leakage
[humidity::IndoorAir_defs::out_rh: {55.6104}] generated by model indoor
[humidity::Humistat_defs::out_cmd: {0}] generated by model humistat
[humidity::Humidifier_defs::out_inj: {0}] generated by model humidifier
[humidity::LeakageEstimator_defs::out_leak: {0.0563893}] generated by model leakage
[humidity::IndoorAir_defs::out_rh: {55.5821}] generated by model indoor
[humidity::Humistat_defs::out_cmd: {0}] generated by model humistat
[humidity::Humidifier_defs::out_inj: {0}] generated by model humidifier
[humidity::LeakageEstimator_defs::out_leak: {0.0561044}] generated by model leakage
[humidity::IndoorAir_defs::out_rh: {55.5539}] generated by model indoor
[humidity::Humistat_defs::out_cmd: {0}] generated by model humistat
[humidity::Humidifier_defs::out_inj: {0}] generated by model humidifier
[humidity::LeakageEstimator_defs::out_leak: {0.0558211}] generated by model leakage
[humidity::IndoorAir_defs::out_rh: {55.5259}] generated by model indoor
[humidity::Humistat_defs::out_cmd: {0}] generated by model humistat
[humidity::Humidifier_defs::out_inj: {0}] generated by model humidifier
[humidity::LeakageEstimator_defs::out_leak: {0.0555391}] generated by model leakage
[humidity::IndoorAir_defs::out_rh: {55.4979}] generated by model indoor
[humidity::Humistat_defs::out_cmd: {0}] generated by model humistat
[humidity::Humidifier_defs::out_inj: {0}] generated by model humidifier
[humidity::LeakageEstimator_defs::out_leak: {0.0552586}] generated by model leakage
[humidity::IndoorAir_defs::out_rh: {55.4702}] generated by model indoor
[humidity::Humistat_defs::out_cmd: {0}] generated by model humistat
[humidity::Humidifier_defs::out_inj: {0}] generated by model humidifier
[humidity::LeakageEstimator_defs::out_leak: {0.0549795}] generated by model leakage
[humidity::IndoorAir_defs::out_rh: {55.4426}] generated by model indoor
[humidity::Humistat_defs::out_cmd: {0}] generated by model humistat
[humidity::Humidifier_defs::out_inj: {0}] generated by model humidifier
[humidity::LeakageEstimator_defs::out_leak: {0.0547018}] generated by model leakage
[humidity::IndoorAir_defs::out_rh: {55.4151}] generated by model indoor
[humidity::Humistat_defs::out_cmd: {0}] generated by model humistat
[humidity::Humidifier_defs::out_inj: {0}] generated by model humidifier
[humidity::LeakageEstimator_defs::out_leak: {0.0544255}] generated by model leakage
[humidity::IndoorAir_defs::out_rh: {55.3877}] generated by model indoor
[humidity::Humistat_defs::out_cmd: {0}] generated by model humistat
[humidity::Humidifier_defs::out_inj: {0}] generated by model humidifier
[humidity::LeakageEstimator_defs::out_leak: {0.0541506}] generated by model leakage
[humidity::IndoorAir_defs::out_rh: {55.3605}] generated by model indoor
[humidity::Humistat_defs::out_cmd: {0}] generated by model humistat
[humidity::Humidifier_defs::out_inj: {0}] generated by model humidifier
[humidity::LeakageEstimator_defs::out_leak: {0.0538771}] generated by model leakage
[humidity::IndoorAir_defs::out_rh: {55.3334}] generated by model indoor
[humidity::Humistat_defs::out_cmd: {0}] generated by model humistat
[humidity::Humidifier_defs::out_inj: {0}] generated by model humidifier
[humidity::LeakageEstimator_defs::out_leak: {0.053605}] generated by model leakage
[humidity::IndoorAir_defs::out_rh: {55.3065}] generated by model indoor
[humidity::Humistat_defs::out_cmd: {0}] generated by model humistat
[humidity::Humidifier_defs::out_inj: {0}] generated by model humidifier
[humidity::LeakageEstimator_defs::out_leak: {0.0533342}] generated by model leakage
[humidity::IndoorAir_defs::out_rh: {55.2797}] generated by model indoor
[humidity::Humistat_defs::out_cmd: {0}] generated by model humistat
[humidity::Humidifier_defs::out_inj: {0}] generated by model humidifier
[humidity::LeakageEstimator_defs::out_leak: {0.0530648}] generated by model leakage
[humidity::IndoorAir_defs::out_rh: {55.253}] generated by model indoor
[humidity::Humistat_defs::out_cmd: {0}] generated by model humistat
[humidity::Humidifier_defs::out_inj: {0}] generated by model humidifier
[humidity::LeakageEstimator_defs::out_leak: {0.0527968}] generated by model leakage
[humidity::IndoorAir_defs::out_rh: {55.2265}] generated by model indoor
[humidity::Humistat_defs::out_cmd: {0}] generated by model humistat
[humidity::Humidifier_defs::out_inj: {0}] generated by model humidifier
[humidity::LeakageEstimator_defs::out_leak: {0.0525301}] generated by model leakage
[humidity::IndoorAir_defs::out_rh: {55.2001}] generated by model indoor
[humidity::Humistat_defs::out_cmd: {0}] generated by model humistat
[humidity::Humidifier_defs::out_inj: {0}] generated by model humidifier
[humidity::LeakageEstimator_defs::out_leak: {0.0522648}] generated by model leakage
[humidity::IndoorAir_defs::out_rh: {55.1738}] generated by model indoor
[humidity::Humistat_defs::out_cmd: {0}] generated by model humistat
[humidity::Humidifier_defs::out_inj: {0}] generated by model humidifier
[humidity::LeakageEstimator_defs::out_leak: {0.0520008}] generated by model leakage
[humidity::IndoorAir_defs::out_rh: {55.1477}] generated by model indoor
[humidity::Humistat_defs::out_cmd: {0}] generated by model humistat
[humidity::Humidifier_defs::out_inj: {0}] generated by model humidifier
[humidity::LeakageEstimator_defs::out_leak: {0.0517382}] generated by model leakage
[humidity::IndoorAir_defs::out_rh: {55.1217}] generated by model indoor
[humidity::Humistat_defs::out_cmd: {0}] generated by model humistat
[humidity::Humidifier_defs::out_inj: {0}] generated by model humidifier
[humidity::LeakageEstimator_defs::out_leak: {0.0514768}] generated by model leakage
[humidity::IndoorAir_defs::out_rh: {55.0958}] generated by model indoor
[humidity::Humistat_defs::out_cmd: {0}] generated by model humistat
[humidity::Humidifier_defs::out_inj: {0}] generated by model humidifier
[humidity::LeakageEstimator_defs::out_leak: {0.0512168}] generated by model leakage
[humidity::IndoorAir_defs::out_rh: {55.0701}] generated by model indoor
[humidity::Humistat_defs::out_cmd: {0}] generated by model humistat
[humidity::Humidifier_defs::out_inj: {0}] generated by model humidifier
[humidity::LeakageEstimator_defs::out_leak: {0.0509582}] generated by model leakage
[humidity::IndoorAir_defs::out_rh: {55.0445}] generated by model indoor
[humidity::Humistat_defs::out_cmd: {0}] generated by model humistat
[humidity::Humidifier_defs::out_inj: {0}] generated by model humidifier
[humidity::LeakageEstimator_defs::out_leak: {0.0507008}] generated by model leakage
[humidity::IndoorAir_defs::out_rh: {55.019}] generated by model indoor
[humidity::Humistat_defs::out_cmd: {0}] generated by model humistat
[humidity::Humidifier_defs::out_inj: {0}] generated by model humidifier
[humidity::LeakageEstimator_defs::out_leak: {0.0504447}] generated by model leakage
[humidity::IndoorAir_defs::out_rh: {54.9936}] generated by model indoor
[humidity::Humistat_defs::out_cmd: {0}] generated by model humistat
[humidity::Humidifier_defs::out_inj: {0}] generated by model humidifier
[humidity::LeakageEstimator_defs::out_leak: {0.0501899}] generated by model leakage
[humidity::IndoorAir_defs::out_rh: {54.9684}] generated by model indoor
[humidity::Humistat_defs::out_cmd: {0}] generated by model humistat
[humidity::Humidifier_defs::out_inj: {0}] generated by model humidifier
[humidity::LeakageEstimator_defs::out_leak: {0.0499364}] generated by model leakage
[humidity::IndoorAir_defs::out_rh: {54.9433}] generated by model indoor
[humidity::Humistat_defs::out_cmd: {0}] generated by model humistat
[humidity::Humidifier_defs::out_inj: {0}] generated by model humidifier
[humidity::LeakageEstimator_defs::out_leak: {0.0496842}] generated by model leakage
[humidity::IndoorAir_defs::out_rh: {54.9184}] generated by model indoor
[humidity::Humistat_defs::out_cmd: {0}] generated by model humistat
[humidity::Humidifier_defs::out_inj: {0}] generated by model humidifier
[humidity::LeakageEstimator_defs::out_leak: {0.0494332}] generated by model leakage
[humidity::IndoorAir_defs::out_rh: {54.8935}] generated by model indoor
[humidity::Humistat_defs::out_cmd: {0}] generated by model humistat
[humidity::Humidifier_defs::out_inj: {0}] generated by model humidifier
[humidity::LeakageEstimator_defs::out_leak: {0.0491835}] generated by model leakage
[humidity::IndoorAir_defs::out_rh: {54.8688}] generated by model indoor
[humidity::Humistat_defs::out_cmd: {0}] generated by model humistat
[humidity::Humidifier_defs::out_inj: {0}] generated by model humidifier
[humidity::LeakageEstimator_defs::out_leak: {0.0489351}] generated by model leakage
[humidity::IndoorAir_defs::out_rh: {54.8442}] generated by model indoor
[humidity::Humistat_defs::out_cmd: {0}] generated by model humistat
[humidity::Humidifier_defs::out_inj: {0}] generated by model humidifier
[humidity::LeakageEstimator_defs::out_leak: {0.0486879}] generated by model leakage
[humidity::IndoorAir_defs::out_rh: {54.8197}] generated by model indoor
[humidity::Humistat_defs::out_cmd: {0}] generated by model humistat
[humidity::Humidifier_defs::out_inj: {0}] generated by model humidifier
[humidity::LeakageEstimator_defs::out_leak: {0.048442}] generated by model leakage
[humidity::IndoorAir_defs::out_rh: {54.7954}] generated by model indoor
[humidity::Humistat_defs::out_cmd: {0}] generated by model humistat
[humidity::Humidifier_defs::out_inj: {0}] generated by model humidifier
[humidity::LeakageEstimator_defs::out_leak: {0.0481974}] generated by model leakage
[humidity::IndoorAir_defs::out_rh: {54.7712}] generated by model indoor
[humidity::Humistat_defs::out_cmd: {0}] generated by model humistat
[humidity::Humidifier_defs::out_inj: {0}] generated by model humidifier
[humidity::LeakageEstimator_defs::out_leak: {0.0479539}] generated by model leakage
[humidity::IndoorAir_defs::out_rh: {54.7471}] generated by model indoor
[humidity::Humistat_defs::out_cmd: {0}] generated by model humistat
[humidity::Humidifier_defs::out_inj: {0}] generated by model humidifier
[humidity::LeakageEstimator_defs::out_leak: {0.0477117}] generated by model leakage
[humidity::IndoorAir_defs::out_rh: {54.7231}] generated by model indoor
[humidity::Humistat_defs::out_cmd: {0}] generated by model humistat
[humidity::Humidifier_defs::out_inj: {0}] generated by model humidifier
[humidity::LeakageEstimator_defs::out_leak: {0.0474707}] generated by model leakage
[humidity::IndoorAir_defs::out_rh: {54.6992}] generated by model indoor
[humidity::Humistat_defs::out_cmd: {0}] generated by model humistat
[humidity::Humidifier_defs::out_inj: {0}] generated by model humidifier
[humidity::LeakageEstimator_defs::out_leak: {0.047231}] generated by model leakage
[humidity::IndoorAir_defs::out_rh: {54.6755}] generated by model indoor
[humidity::Humistat_defs::out_cmd: {0}] generated by model humistat
[humidity::Humidifier_defs::out_inj: {0}] generated by model humidifier
[humidity::LeakageEstimator_defs::out_leak: {0.0469924}] generated by model leakage
[humidity::IndoorAir_defs::out_rh: {54.6519}] generated by model indoor
[humidity::Humistat_defs::out_cmd: {0}] generated by model humistat
[humidity::Humidifier_defs::out_inj: {0}] generated by model humidifier
[humidity::LeakageEstimator_defs::out_leak: {0.046755}] generated by model leakage
[humidity::IndoorAir_defs::out_rh: {54.6284}] generated by model indoor
[humidity::Humistat_defs::out_cmd: {0}] generated by model humistat
[humidity::Humidifier_defs::out_inj: {0}] generated by model humidifier
[humidity::LeakageEstimator_defs::out_leak: {0.0465189}] generated by model leakage
[humidity::IndoorAir_defs::out_rh: {54.605}] generated by model indoor
[humidity::Humistat_defs::out_cmd: {0}] generated by model humistat
[humidity::Humidifier_defs::out_inj: {0}] generated by model humidifier
[humidity::LeakageEstimator_defs::out_leak: {0.0462839}] generated by model leakage
[humidity::IndoorAir_defs::out_rh: {54.5818}] generated by model indoor
[humidity::Humistat_defs::out_cmd: {0}] generated by model humistat
[humidity::Humidifier_defs::out_inj: {0}] generated by model humidifier
[humidity::LeakageEstimator_defs::out_leak: {0.0460501}] generated by model leakage
[humidity::IndoorAir_defs::out_rh: {54.5586}] generated by model indoor
[humidity::Humistat_defs::out_cmd: {0}] generated by model humistat
[humidity::Humidifier_defs::out_inj: {0}] generated by model humidifier
[humidity::LeakageEstimator_defs::out_leak: {0.0458176}] generated by model leakage
[humidity::IndoorAir_defs::out_rh: {54.5356}] generated by model indoor
[humidity::Humistat_defs::out_cmd: {0}] generated by model humistat
[humidity::Humidifier_defs::out_inj: {0}] generated by model humidifier
[humidity::LeakageEstimator_defs::out_leak: {0.0455861}] generated by model leakage
[humidity::IndoorAir_defs::out_rh: {54.5127}] generated by model indoor
[humidity::Humistat_defs::out_cmd: {0}] generated by model humistat
[humidity::Humidifier_defs::out_inj: {0}] generated by model humidifier
[humidity::LeakageEstimator_defs::out_leak: {0.0453559}] generated by model leakage
[humidity::IndoorAir_defs::out_rh: {54.4899}] generated by model indoor
[humidity::Humistat_defs::out_cmd: {0}] generated by model humistat
[humidity::Humidifier_defs::out_inj: {0}] generated by model humidifier
[humidity::LeakageEstimator_defs::out_leak: {0.0451268}] generated by model leakage
[humidity::IndoorAir_defs::out_rh: {54.4672}] generated by model indoor
[humidity::Humistat_defs::out_cmd: {0}] generated by model humistat
[humidity::Humidifier_defs::out_inj: {0}] generated by model humidifier
[humidity::LeakageEstimator_defs::out_leak: {0.0448989}] generated by model leakage
[humidity::IndoorAir_defs::out_rh: {54.4446}] generated by model indoor
[humidity::Humistat_defs::out_cmd: {0}] generated by model humistat
[humidity::Humidifier_defs::out_inj: {0}] generated by model humidifier
[humidity::LeakageEstimator_defs::out_leak: {0.0446721}] generated by model leakage
[humidity::IndoorAir_defs::out_rh: {54.4222}] generated by model indoor
[humidity::Humistat_defs::out_cmd: {0}] generated by model humistat
[humidity::Humidifier_defs::out_inj: {0}] generated by model humidifier
[humidity::LeakageEstimator_defs::out_leak: {0.0444464}] generated by model leakage
[humidity::IndoorAir_defs::out_rh: {54.3999}] generated by model indoor
[humidity::Humistat_defs::out_cmd: {0}] generated by model humistat
[humidity::Humidifier_defs::out_inj: {0}] generated by model humidifier
[humidity::LeakageEstimator_defs::out_leak: {0.044222}] generated by model leakage
[humidity::IndoorAir_defs::out_rh: {54.3776}] generated by model indoor
[humidity::Humistat_defs::out_cmd: {0}] generated by model humistat
[humidity::Humidifier_defs::out_inj: {0}] generated by model humidifier
[humidity::LeakageEstimator_defs::out_leak: {0.0439986}] generated by model leakage
[humidity::IndoorAir_defs::out_rh: {54.3555}] generated by model indoor
[humidity::Humistat_defs::out_cmd: {0}] generated by model humistat
[humidity::Humidifier_defs::out_inj: {0}] generated by model humidifier
[humidity::LeakageEstimator_defs::out_leak: {0.0437764}] generated by model leakage
[humidity::IndoorAir_defs::out_rh: {54.3335}] generated by model indoor
[humidity::Humistat_defs::out_cmd: {0}] generated by model humistat
[humidity::Humidifier_defs::out_inj: {0}] generated by model humidifier
[humidity::LeakageEstimator_defs::out_leak: {0.0435553}] generated by model leakage
[humidity::IndoorAir_defs::out_rh: {54.3116}] generated by model indoor
[humidity::Humistat_defs::out_cmd: {0}] generated by model humistat
[humidity::Humidifier_defs::out_inj: {0}] generated by model humidifier
[humidity::LeakageEstimator_defs::out_leak: {0.0433353}] generated by model leakage
[humidity::IndoorAir_defs::out_rh: {54.2899}] generated by model indoor
[humidity::Humistat_defs::out_cmd: {0}] generated by model humistat
[humidity::Humidifier_defs::out_inj: {0}] generated by model humidifier
[humidity::LeakageEstimator_defs::out_leak: {0.0431164}] generated by model leakage
[humidity::IndoorAir_defs::out_rh: {54.2682}] generated by model indoor
[humidity::Humistat_defs::out_cmd: {0}] generated by model humistat
[humidity::Humidifier_defs::out_inj: {0}] generated by model humidifier
[humidity::LeakageEstimator_defs::out_leak: {0.0428986}] generated by model leakage
